INFO - 2025-01-10 07:22:52 --> Session: Class initialized using 'CodeIgniter\Session\Handlers\FileHandler' driver.
INFO - 2025-01-10 07:22:55 --> Session: Class initialized using 'CodeIgniter\Session\Handlers\FileHandler' driver.
INFO - 2025-01-10 07:22:56 --> Session: Class initialized using 'CodeIgniter\Session\Handlers\FileHandler' driver.
INFO - 2025-01-10 07:23:15 --> Session: Class initialized using 'CodeIgniter\Session\Handlers\FileHandler' driver.
INFO - 2025-01-10 07:23:19 --> Session: Class initialized using 'CodeIgniter\Session\Handlers\FileHandler' driver.
INFO - 2025-01-10 07:23:23 --> Session: Class initialized using 'CodeIgniter\Session\Handlers\FileHandler' driver.
ERROR - 2025-01-10 07:23:23 --> Error connecting to the database: mysqli_sql_exception: Access denied for user 'root'@'localhost' (using password: NO) in C:\Documents\Kuliah\Arsip Sem-5 ITB\TST\DataPro\Erwan\system\Database\MySQLi\Connection.php:186
Stack trace:
#0 C:\Documents\Kuliah\Arsip Sem-5 ITB\TST\DataPro\Erwan\system\Database\MySQLi\Connection.php(186): mysqli->real_connect('127.0.0.1', 'root', Object(SensitiveParameterValue), 'foodmart', 3306, '', 0)
#1 C:\Documents\Kuliah\Arsip Sem-5 ITB\TST\DataPro\Erwan\system\Database\BaseConnection.php(421): CodeIgniter\Database\MySQLi\Connection->connect(false)
#2 C:\Documents\Kuliah\Arsip Sem-5 ITB\TST\DataPro\Erwan\system\Database\BaseConnection.php(616): CodeIgniter\Database\BaseConnection->initialize()
#3 C:\Documents\Kuliah\Arsip Sem-5 ITB\TST\DataPro\Erwan\app\Models\Login.php(12): CodeIgniter\Database\BaseConnection->query('SELECT name FRO...')
#4 C:\Documents\Kuliah\Arsip Sem-5 ITB\TST\DataPro\Erwan\app\Controllers\LoginController.php(15): App\Models\Login->getDataUsers('erwanph', '37fb1bc55667a46...')
#5 C:\Documents\Kuliah\Arsip Sem-5 ITB\TST\DataPro\Erwan\system\CodeIgniter.php(933): App\Controllers\LoginController->login_action()
#6 C:\Documents\Kuliah\Arsip Sem-5 ITB\TST\DataPro\Erwan\system\CodeIgniter.php(509): CodeIgniter\CodeIgniter->runController(Object(App\Controllers\LoginController))
#7 C:\Documents\Kuliah\Arsip Sem-5 ITB\TST\DataPro\Erwan\system\CodeIgniter.php(355): CodeIgniter\CodeIgniter->handleRequest(NULL, Object(Config\Cache), false)
#8 C:\Documents\Kuliah\Arsip Sem-5 ITB\TST\DataPro\Erwan\system\Boot.php(325): CodeIgniter\CodeIgniter->run()
#9 C:\Documents\Kuliah\Arsip Sem-5 ITB\TST\DataPro\Erwan\system\Boot.php(67): CodeIgniter\Boot::runCodeIgniter(Object(CodeIgniter\CodeIgniter))
#10 C:\Documents\Kuliah\Arsip Sem-5 ITB\TST\DataPro\Erwan\public\index.php(56): CodeIgniter\Boot::bootWeb(Object(Config\Paths))
#11 C:\Documents\Kuliah\Arsip Sem-5 ITB\TST\DataPro\Erwan\system\rewrite.php(44): require_once('C:\\Documents\\Ku...')
#12 {main}

Next CodeIgniter\Database\Exceptions\DatabaseException: Access denied for user '****'@'localhost' (using password: NO) in C:\Documents\Kuliah\Arsip Sem-5 ITB\TST\DataPro\Erwan\system\Database\MySQLi\Connection.php:231
Stack trace:
#0 C:\Documents\Kuliah\Arsip Sem-5 ITB\TST\DataPro\Erwan\system\Database\BaseConnection.php(421): CodeIgniter\Database\MySQLi\Connection->connect(false)
#1 C:\Documents\Kuliah\Arsip Sem-5 ITB\TST\DataPro\Erwan\system\Database\BaseConnection.php(616): CodeIgniter\Database\BaseConnection->initialize()
#2 C:\Documents\Kuliah\Arsip Sem-5 ITB\TST\DataPro\Erwan\app\Models\Login.php(12): CodeIgniter\Database\BaseConnection->query('SELECT name FRO...')
#3 C:\Documents\Kuliah\Arsip Sem-5 ITB\TST\DataPro\Erwan\app\Controllers\LoginController.php(15): App\Models\Login->getDataUsers('erwanph', '37fb1bc55667a46...')
#4 C:\Documents\Kuliah\Arsip Sem-5 ITB\TST\DataPro\Erwan\system\CodeIgniter.php(933): App\Controllers\LoginController->login_action()
#5 C:\Documents\Kuliah\Arsip Sem-5 ITB\TST\DataPro\Erwan\system\CodeIgniter.php(509): CodeIgniter\CodeIgniter->runController(Object(App\Controllers\LoginController))
#6 C:\Documents\Kuliah\Arsip Sem-5 ITB\TST\DataPro\Erwan\system\CodeIgniter.php(355): CodeIgniter\CodeIgniter->handleRequest(NULL, Object(Config\Cache), false)
#7 C:\Documents\Kuliah\Arsip Sem-5 ITB\TST\DataPro\Erwan\system\Boot.php(325): CodeIgniter\CodeIgniter->run()
#8 C:\Documents\Kuliah\Arsip Sem-5 ITB\TST\DataPro\Erwan\system\Boot.php(67): CodeIgniter\Boot::runCodeIgniter(Object(CodeIgniter\CodeIgniter))
#9 C:\Documents\Kuliah\Arsip Sem-5 ITB\TST\DataPro\Erwan\public\index.php(56): CodeIgniter\Boot::bootWeb(Object(Config\Paths))
#10 C:\Documents\Kuliah\Arsip Sem-5 ITB\TST\DataPro\Erwan\system\rewrite.php(44): require_once('C:\\Documents\\Ku...')
#11 {main}
CRITICAL - 2025-01-10 07:23:23 --> CodeIgniter\Database\Exceptions\DatabaseException: Unable to connect to the database.
Main connection [MySQLi]: Access denied for user '****'@'localhost' (using password: NO)
[Method: POST, Route: login_action]
in SYSTEMPATH\Database\BaseConnection.php on line 467.
 1 SYSTEMPATH\Database\BaseConnection.php(616): CodeIgniter\Database\BaseConnection->initialize()
 2 APPPATH\Models\Login.php(12): CodeIgniter\Database\BaseConnection->query('SELECT name FROM user WHERE 
                        username = "erwanph" 
                        AND password = "37fb1bc55667a469ea7a27ede3f7b50a"')
 3 APPPATH\Controllers\LoginController.php(15): App\Models\Login->getDataUsers('erwanph', '37fb1bc55667a469ea7a27ede3f7b50a')
 4 SYSTEMPATH\CodeIgniter.php(933): App\Controllers\LoginController->login_action()
 5 SYSTEMPATH\CodeIgniter.php(509): CodeIgniter\CodeIgniter->runController(Object(App\Controllers\LoginController))
 6 SYSTEMPATH\CodeIgniter.php(355): CodeIgniter\CodeIgniter->handleRequest(null, Object(Config\Cache), false)
 7 SYSTEMPATH\Boot.php(325): CodeIgniter\CodeIgniter->run()
 8 SYSTEMPATH\Boot.php(67): CodeIgniter\Boot::runCodeIgniter(Object(CodeIgniter\CodeIgniter))
 9 FCPATH\index.php(56): CodeIgniter\Boot::bootWeb(Object(Config\Paths))
10 SYSTEMPATH\rewrite.php(44): require_once('C:\\Documents\\Kuliah\\Arsip Sem-5 ITB\\TST\\DataPro\\Erwan\\public\\index.php')
INFO - 2025-01-10 07:23:51 --> Session: Class initialized using 'CodeIgniter\Session\Handlers\FileHandler' driver.
INFO - 2025-01-10 07:23:52 --> Session: Class initialized using 'CodeIgniter\Session\Handlers\FileHandler' driver.
INFO - 2025-01-10 07:23:53 --> Session: Class initialized using 'CodeIgniter\Session\Handlers\FileHandler' driver.
INFO - 2025-01-10 07:23:54 --> Session: Class initialized using 'CodeIgniter\Session\Handlers\FileHandler' driver.
INFO - 2025-01-10 07:23:55 --> Session: Class initialized using 'CodeIgniter\Session\Handlers\FileHandler' driver.
INFO - 2025-01-10 07:24:11 --> Session: Class initialized using 'CodeIgniter\Session\Handlers\FileHandler' driver.
INFO - 2025-01-10 07:24:11 --> Session: Class initialized using 'CodeIgniter\Session\Handlers\FileHandler' driver.
INFO - 2025-01-10 07:24:13 --> Session: Class initialized using 'CodeIgniter\Session\Handlers\FileHandler' driver.
INFO - 2025-01-10 07:25:32 --> Session: Class initialized using 'CodeIgniter\Session\Handlers\FileHandler' driver.
INFO - 2025-01-10 07:25:33 --> Session: Class initialized using 'CodeIgniter\Session\Handlers\FileHandler' driver.
INFO - 2025-01-10 07:25:34 --> Session: Class initialized using 'CodeIgniter\Session\Handlers\FileHandler' driver.
INFO - 2025-01-10 07:25:34 --> Session: Class initialized using 'CodeIgniter\Session\Handlers\FileHandler' driver.
INFO - 2025-01-10 07:25:35 --> Session: Class initialized using 'CodeIgniter\Session\Handlers\FileHandler' driver.
INFO - 2025-01-10 07:25:36 --> Session: Class initialized using 'CodeIgniter\Session\Handlers\FileHandler' driver.
INFO - 2025-01-10 07:25:36 --> Session: Class initialized using 'CodeIgniter\Session\Handlers\FileHandler' driver.
INFO - 2025-01-10 07:25:37 --> Session: Class initialized using 'CodeIgniter\Session\Handlers\FileHandler' driver.
INFO - 2025-01-10 07:25:39 --> Session: Class initialized using 'CodeIgniter\Session\Handlers\FileHandler' driver.
INFO - 2025-01-10 07:25:40 --> Session: Class initialized using 'CodeIgniter\Session\Handlers\FileHandler' driver.
INFO - 2025-01-10 07:25:40 --> Session: Class initialized using 'CodeIgniter\Session\Handlers\FileHandler' driver.
INFO - 2025-01-10 07:25:42 --> Session: Class initialized using 'CodeIgniter\Session\Handlers\FileHandler' driver.
INFO - 2025-01-10 07:25:43 --> Session: Class initialized using 'CodeIgniter\Session\Handlers\FileHandler' driver.
INFO - 2025-01-10 07:25:44 --> Session: Class initialized using 'CodeIgniter\Session\Handlers\FileHandler' driver.
INFO - 2025-01-10 07:25:45 --> Session: Class initialized using 'CodeIgniter\Session\Handlers\FileHandler' driver.
INFO - 2025-01-10 07:25:51 --> Session: Class initialized using 'CodeIgniter\Session\Handlers\FileHandler' driver.
INFO - 2025-01-10 07:25:54 --> Session: Class initialized using 'CodeIgniter\Session\Handlers\FileHandler' driver.
INFO - 2025-01-10 07:36:52 --> Session: Class initialized using 'CodeIgniter\Session\Handlers\FileHandler' driver.
INFO - 2025-01-10 07:38:01 --> Session: Class initialized using 'CodeIgniter\Session\Handlers\FileHandler' driver.
INFO - 2025-01-10 07:38:17 --> Session: Class initialized using 'CodeIgniter\Session\Handlers\FileHandler' driver.
INFO - 2025-01-10 07:39:02 --> Session: Class initialized using 'CodeIgniter\Session\Handlers\FileHandler' driver.
