INFO - 2024-12-27 05:29:50 --> Session: Class initialized using 'CodeIgniter\Session\Handlers\FileHandler' driver.
INFO - 2024-12-27 05:29:51 --> Session: Class initialized using 'CodeIgniter\Session\Handlers\FileHandler' driver.
ERROR - 2024-12-27 05:30:00 --> Error connecting to the database: mysqli_sql_exception: Access denied for user 'root'@'localhost' (using password: NO) in C:\Documents\Kuliah\Arsip Sem-5 ITB\TST\TST_UAS\system\Database\MySQLi\Connection.php:186
Stack trace:
#0 C:\Documents\Kuliah\Arsip Sem-5 ITB\TST\TST_UAS\system\Database\MySQLi\Connection.php(186): mysqli->real_connect('127.0.0.1', 'root', Object(SensitiveParameterValue), 'foodmart', 3306, '', 0)
#1 C:\Documents\Kuliah\Arsip Sem-5 ITB\TST\TST_UAS\system\Database\BaseConnection.php(421): CodeIgniter\Database\MySQLi\Connection->connect(false)
#2 C:\Documents\Kuliah\Arsip Sem-5 ITB\TST\TST_UAS\system\Database\BaseConnection.php(616): CodeIgniter\Database\BaseConnection->initialize()
#3 C:\Documents\Kuliah\Arsip Sem-5 ITB\TST\TST_UAS\app\Models\Login.php(12): CodeIgniter\Database\BaseConnection->query('SELECT name FRO...')
#4 C:\Documents\Kuliah\Arsip Sem-5 ITB\TST\TST_UAS\app\Controllers\LoginController.php(15): App\Models\Login->getDataUsers('erwanph', '37fb1bc55667a46...')
#5 C:\Documents\Kuliah\Arsip Sem-5 ITB\TST\TST_UAS\system\CodeIgniter.php(933): App\Controllers\LoginController->login_action()
#6 C:\Documents\Kuliah\Arsip Sem-5 ITB\TST\TST_UAS\system\CodeIgniter.php(509): CodeIgniter\CodeIgniter->runController(Object(App\Controllers\LoginController))
#7 C:\Documents\Kuliah\Arsip Sem-5 ITB\TST\TST_UAS\system\CodeIgniter.php(355): CodeIgniter\CodeIgniter->handleRequest(NULL, Object(Config\Cache), false)
#8 C:\Documents\Kuliah\Arsip Sem-5 ITB\TST\TST_UAS\system\Boot.php(325): CodeIgniter\CodeIgniter->run()
#9 C:\Documents\Kuliah\Arsip Sem-5 ITB\TST\TST_UAS\system\Boot.php(67): CodeIgniter\Boot::runCodeIgniter(Object(CodeIgniter\CodeIgniter))
#10 C:\Documents\Kuliah\Arsip Sem-5 ITB\TST\TST_UAS\public\index.php(56): CodeIgniter\Boot::bootWeb(Object(Config\Paths))
#11 C:\Documents\Kuliah\Arsip Sem-5 ITB\TST\TST_UAS\system\rewrite.php(44): require_once('C:\\Documents\\Ku...')
#12 {main}

Next CodeIgniter\Database\Exceptions\DatabaseException: Access denied for user '****'@'localhost' (using password: NO) in C:\Documents\Kuliah\Arsip Sem-5 ITB\TST\TST_UAS\system\Database\MySQLi\Connection.php:231
Stack trace:
#0 C:\Documents\Kuliah\Arsip Sem-5 ITB\TST\TST_UAS\system\Database\BaseConnection.php(421): CodeIgniter\Database\MySQLi\Connection->connect(false)
#1 C:\Documents\Kuliah\Arsip Sem-5 ITB\TST\TST_UAS\system\Database\BaseConnection.php(616): CodeIgniter\Database\BaseConnection->initialize()
#2 C:\Documents\Kuliah\Arsip Sem-5 ITB\TST\TST_UAS\app\Models\Login.php(12): CodeIgniter\Database\BaseConnection->query('SELECT name FRO...')
#3 C:\Documents\Kuliah\Arsip Sem-5 ITB\TST\TST_UAS\app\Controllers\LoginController.php(15): App\Models\Login->getDataUsers('erwanph', '37fb1bc55667a46...')
#4 C:\Documents\Kuliah\Arsip Sem-5 ITB\TST\TST_UAS\system\CodeIgniter.php(933): App\Controllers\LoginController->login_action()
#5 C:\Documents\Kuliah\Arsip Sem-5 ITB\TST\TST_UAS\system\CodeIgniter.php(509): CodeIgniter\CodeIgniter->runController(Object(App\Controllers\LoginController))
#6 C:\Documents\Kuliah\Arsip Sem-5 ITB\TST\TST_UAS\system\CodeIgniter.php(355): CodeIgniter\CodeIgniter->handleRequest(NULL, Object(Config\Cache), false)
#7 C:\Documents\Kuliah\Arsip Sem-5 ITB\TST\TST_UAS\system\Boot.php(325): CodeIgniter\CodeIgniter->run()
#8 C:\Documents\Kuliah\Arsip Sem-5 ITB\TST\TST_UAS\system\Boot.php(67): CodeIgniter\Boot::runCodeIgniter(Object(CodeIgniter\CodeIgniter))
#9 C:\Documents\Kuliah\Arsip Sem-5 ITB\TST\TST_UAS\public\index.php(56): CodeIgniter\Boot::bootWeb(Object(Config\Paths))
#10 C:\Documents\Kuliah\Arsip Sem-5 ITB\TST\TST_UAS\system\rewrite.php(44): require_once('C:\\Documents\\Ku...')
#11 {main}
CRITICAL - 2024-12-27 05:30:00 --> CodeIgniter\Database\Exceptions\DatabaseException: Unable to connect to the database.
Main connection [MySQLi]: Access denied for user '****'@'localhost' (using password: NO)
[Method: POST, Route: login_action]
in SYSTEMPATH\Database\BaseConnection.php on line 467.
 1 SYSTEMPATH\Database\BaseConnection.php(616): CodeIgniter\Database\BaseConnection->initialize()
 2 APPPATH\Models\Login.php(12): CodeIgniter\Database\BaseConnection->query('SELECT name FROM user WHERE 
                        username = "erwanph" 
                        AND password = "37fb1bc55667a469ea7a27ede3f7b50a"')
 3 APPPATH\Controllers\LoginController.php(15): App\Models\Login->getDataUsers('erwanph', '37fb1bc55667a469ea7a27ede3f7b50a')
 4 SYSTEMPATH\CodeIgniter.php(933): App\Controllers\LoginController->login_action()
 5 SYSTEMPATH\CodeIgniter.php(509): CodeIgniter\CodeIgniter->runController(Object(App\Controllers\LoginController))
 6 SYSTEMPATH\CodeIgniter.php(355): CodeIgniter\CodeIgniter->handleRequest(null, Object(Config\Cache), false)
 7 SYSTEMPATH\Boot.php(325): CodeIgniter\CodeIgniter->run()
 8 SYSTEMPATH\Boot.php(67): CodeIgniter\Boot::runCodeIgniter(Object(CodeIgniter\CodeIgniter))
 9 FCPATH\index.php(56): CodeIgniter\Boot::bootWeb(Object(Config\Paths))
10 SYSTEMPATH\rewrite.php(44): require_once('C:\\Documents\\Kuliah\\Arsip Sem-5 ITB\\TST\\TST_UAS\\public\\index.php')
INFO - 2024-12-27 05:31:53 --> Session: Class initialized using 'CodeIgniter\Session\Handlers\FileHandler' driver.
INFO - 2024-12-27 05:31:53 --> Session: Class initialized using 'CodeIgniter\Session\Handlers\FileHandler' driver.
INFO - 2024-12-27 05:31:58 --> Session: Class initialized using 'CodeIgniter\Session\Handlers\FileHandler' driver.
INFO - 2024-12-27 05:31:59 --> Session: Class initialized using 'CodeIgniter\Session\Handlers\FileHandler' driver.
INFO - 2024-12-27 05:32:03 --> Session: Class initialized using 'CodeIgniter\Session\Handlers\FileHandler' driver.
INFO - 2024-12-27 05:32:09 --> Session: Class initialized using 'CodeIgniter\Session\Handlers\FileHandler' driver.
INFO - 2024-12-27 05:32:09 --> Session: Class initialized using 'CodeIgniter\Session\Handlers\FileHandler' driver.
INFO - 2024-12-27 05:32:25 --> Session: Class initialized using 'CodeIgniter\Session\Handlers\FileHandler' driver.
INFO - 2024-12-27 05:32:27 --> Session: Class initialized using 'CodeIgniter\Session\Handlers\FileHandler' driver.
INFO - 2024-12-27 05:32:29 --> Session: Class initialized using 'CodeIgniter\Session\Handlers\FileHandler' driver.
INFO - 2024-12-27 05:32:34 --> Session: Class initialized using 'CodeIgniter\Session\Handlers\FileHandler' driver.
INFO - 2024-12-27 05:32:52 --> Session: Class initialized using 'CodeIgniter\Session\Handlers\FileHandler' driver.
INFO - 2024-12-27 05:32:58 --> Session: Class initialized using 'CodeIgniter\Session\Handlers\FileHandler' driver.
INFO - 2024-12-27 05:34:46 --> Session: Class initialized using 'CodeIgniter\Session\Handlers\FileHandler' driver.
INFO - 2024-12-27 05:34:46 --> Session: Class initialized using 'CodeIgniter\Session\Handlers\FileHandler' driver.
